\BOOKMARK [1][-]{section*.3}{\376\377\000D\000A\000N\000H\000\040\000S\000\301\000C\000H\000\040\000H\000\314\000N\000H\000\040\036\242\000N\000H}{}% 1
\BOOKMARK [1][-]{section.1}{\376\377\000X\000\301\000C\000\040\001\020\036\312\000N\000H\000\040\000B\000\300\000I\000\040\000T\000O\000\301\000N}{}% 2
\BOOKMARK [1][-]{section.2}{\376\377\000P\000H\000\302\000N\000\040\000T\000\315\000C\000H\000\040\000Y\000\312\000U\000\040\000C\036\246\000U\000\040\000N\000G\001\257\036\334\000I\000\040\000D\000\331\000N\000G}{}% 3
\BOOKMARK [2][-]{subsection.2.1}{\376\377\000Y\000\352\000u\000\040\000c\036\247\000u\000\040\000c\000h\036\351\000c\000\040\000n\001\003\000n\000g}{section.2}% 4
\BOOKMARK [2][-]{subsection.2.2}{\376\377\000Y\000\352\000u\000\040\000c\036\247\000u\000\040\000p\000h\000i\000\040\000c\000h\036\351\000c\000\040\000n\001\003\000n\000g}{section.2}% 5
\BOOKMARK [1][-]{section.3}{\376\377\000T\000H\000I\036\276\000T\000\040\000K\036\276\000\040\000H\036\306\000\040\000T\000H\036\320\000N\000G}{}% 6
\BOOKMARK [2][-]{subsection.3.1}{\376\377\000B\000i\036\303\000u\000\040\001\021\036\323\000\040\000U\000S\000E\000-\000C\000A\000S\000E}{section.3}% 7
\BOOKMARK [3][-]{subsubsection.3.1.1}{\376\377\000X\000\341\000c\000\040\001\021\036\313\000n\000h\000\040\000c\000\341\000c\000\040\000t\000\341\000c\000\040\000n\000h\000\342\000n}{subsection.3.1}% 8
\BOOKMARK [3][-]{subsubsection.3.1.2}{\376\377\000N\000h\000\363\000m\000\040\000Q\000u\036\243\000n\000\040\000l\000\375\000\040\000t\000\340\000i\000\040\000k\000h\000o\036\243\000n\000\040\000\050\000A\000u\000t\000h\000e\000n\000t\000i\000c\000a\000t\000i\000o\000n\000\051}{subsection.3.1}% 9
\BOOKMARK [3][-]{subsubsection.3.1.3}{\376\377\000N\000h\000\363\000m\000\040\000M\036\241\000n\000g\000\040\000x\000\343\000\040\000h\036\331\000i\000\040\000\050\000S\000o\000c\000i\000a\000l\000\051}{subsection.3.1}% 10
\BOOKMARK [3][-]{subsubsection.3.1.4}{\376\377\000N\000h\000\363\000m\000\040\000T\001\260\001\241\000n\000g\000\040\000t\000\341\000c\000\040\000A\000I\000\040\000\050\000A\000I\000\040\000C\000o\000r\000e\000\051}{subsection.3.1}% 11
\BOOKMARK [3][-]{subsubsection.3.1.5}{\376\377\000N\000h\000\363\000m\000\040\000H\036\307\000\040\000t\000h\036\321\000n\000g\000\040\000R\000I\000Z\000Z\000\040\000\050\000G\000a\000m\000i\000f\000i\000c\000a\000t\000i\000o\000n\000\051}{subsection.3.1}% 12
\BOOKMARK [3][-]{subsubsection.3.1.6}{\376\377\000B\000i\036\303\000u\000\040\001\021\036\323\000\040\000u\000s\000e\000-\000c\000a\000s\000e}{subsection.3.1}% 13
\BOOKMARK [2][-]{subsection.3.2}{\376\377\001\020\036\267\000c\000\040\000t\036\243\000\040\000u\000s\000e\000-\000c\000a\000s\000e}{section.3}% 14
\BOOKMARK [3][-]{subsubsection.3.2.1}{\376\377\000N\000h\000\363\000m\000\040\000q\000u\036\243\000n\000\040\000l\000\375\000\040\000t\000\340\000i\000\040\000k\000h\000o\036\243\000n\000\040\000\050\000A\000u\000t\000h\000e\000n\000t\000i\000c\000a\000t\000i\000o\000n\000\051}{subsection.3.2}% 15
\BOOKMARK [3][-]{subsubsection.3.2.2}{\376\377\000N\000h\000\363\000m\000\040\000M\036\241\000n\000g\000\040\000x\000\343\000\040\000h\036\331\000i\000\040\000\050\000S\000o\000c\000i\000a\000l\000\051}{subsection.3.2}% 16
\BOOKMARK [3][-]{subsubsection.3.2.3}{\376\377\000N\000h\000\363\000m\000\040\000T\001\260\001\241\000n\000g\000\040\000t\000\341\000c\000\040\000A\000I\000\040\000\050\000A\000I\000\040\000C\000o\000r\000e\000\051}{subsection.3.2}% 17
\BOOKMARK [3][-]{subsubsection.3.2.4}{\376\377\000N\000h\000\363\000m\000\040\000H\036\307\000\040\000t\000h\036\321\000n\000g\000\040\000R\000I\000Z\000Z\000\040\000\050\000G\000a\000m\000i\000f\000i\000c\000a\000t\000i\000o\000n\000\051}{subsection.3.2}% 18
\BOOKMARK [2][-]{subsection.3.3}{\376\377\000B\000i\036\303\000u\000\040\001\021\036\323\000\040\000t\000r\000\354\000n\000h\000\040\000t\036\361}{section.3}% 19
\BOOKMARK [3][-]{subsubsection.3.3.1}{\376\377\000B\000i\036\303\000u\000\040\001\021\036\323\000\040\000t\000r\000\354\000n\000h\000\040\000t\036\361\000\040\000c\000a\000\040\000n\000g\001\260\036\335\000i\000\040\000d\000\371\000n\000g\000\040\001\021\001\003\000n\000g\000\040\000k\000\375\000\040\000t\000\340\000i\000\040\000k\000h\000o\036\243\000n}{subsection.3.3}% 20
\BOOKMARK [3][-]{subsubsection.3.3.2}{\376\377\000B\000i\036\303\000u\000\040\001\021\036\323\000\040\000t\000r\000\354\000n\000h\000\040\000t\036\361\000\040\000c\000a\000\040\000n\000g\001\260\036\335\000i\000\040\000d\000\371\000n\000g\000\040\001\021\001\003\000n\000g\000\040\000n\000h\036\255\000p}{subsection.3.3}% 21
\BOOKMARK [3][-]{subsubsection.3.3.3}{\376\377\000B\000i\036\303\000u\000\040\001\021\036\323\000\040\000t\000r\000\354\000n\000h\000\040\000t\036\361\000\040\000c\000a\000\040\000n\000g\001\260\036\335\000i\000\040\000d\000\371\000n\000g\000\040\000l\001\260\036\333\000t\000\040\000N\000e\000w\000s\000f\000e\000e\000d\000\040\000v\000\340\000\040\001\021\001\003\000n\000g\000\040\000b\000\340\000i}{subsection.3.3}% 22
\BOOKMARK [3][-]{subsubsection.3.3.4}{\376\377\000B\000i\036\303\000u\000\040\001\021\036\323\000\040\000t\000r\000\354\000n\000h\000\040\000t\036\361\000\040\000c\000a\000\040\000n\000g\001\260\036\335\000i\000\040\000d\000\371\000n\000g\000\040\000t\001\260\001\241\000n\000g\000\040\000t\000\341\000c\000\040\000b\000\340\000i\000\040\000v\000i\036\277\000t}{subsection.3.3}% 23
\BOOKMARK [3][-]{subsubsection.3.3.5}{\376\377\000B\000i\036\303\000u\000\040\001\021\036\323\000\040\000t\000r\000\354\000n\000h\000\040\000t\036\361\000\040\000c\000a\000\040\000n\000g\001\260\036\335\000i\000\040\000d\000\371\000n\000g\000\040\000k\036\277\000t\000\040\000b\036\241\000n}{subsection.3.3}% 24
\BOOKMARK [3][-]{subsubsection.3.3.6}{\376\377\000B\000i\036\303\000u\000\040\001\021\036\323\000\040\000t\000r\000\354\000n\000h\000\040\000t\036\361\000\040\000c\000a\000\040\000n\000g\001\260\036\335\000i\000\040\000d\000\371\000n\000g\000\040\000n\000h\036\257\000n\000\040\000t\000i\000n\000\040\000b\036\241\000n\000\040\000b\000\350\000\040\000\050\000P\0002\000P\000\051}{subsection.3.3}% 25
\BOOKMARK [3][-]{subsubsection.3.3.7}{\376\377\000B\000i\036\303\000u\000\040\001\021\036\323\000\040\000t\000r\000\354\000n\000h\000\040\000t\036\361\000\040\000c\000a\000\040\000n\000g\001\260\036\335\000i\000\040\000d\000\371\000n\000g\000\040\000n\000h\036\257\000n\000\040\000t\000i\000n\000\040\000v\036\333\000i\000\040\000A\000I\000\040\000\050\000C\000o\000r\000e\000\051}{subsection.3.3}% 26
\BOOKMARK [3][-]{subsubsection.3.3.8}{\376\377\000B\000i\036\303\000u\000\040\001\021\036\323\000\040\000t\000r\000\354\000n\000h\000\040\000t\036\361\000\040\000M\000i\000n\000i\000g\000a\000m\000e\000\040\000A\000I\000\040\000o\000r\000\040\000H\000u\000m\000a\000n}{subsection.3.3}% 27
\BOOKMARK [3][-]{subsubsection.3.3.9}{\376\377\000B\000i\036\303\000u\000\040\001\021\036\323\000\040\000t\000r\000\354\000n\000h\000\040\000t\036\361\000\040\000c\000a\000\040\000n\000g\001\260\036\335\000i\000\040\000d\000\371\000n\000g\000\040\000m\036\337\000\040\000k\000h\000\363\000a\000\040\000t\000\340\000i\000\040\000l\000i\036\307\000u}{subsection.3.3}% 28
\BOOKMARK [3][-]{subsubsection.3.3.10}{\376\377\000B\000i\036\303\000u\000\040\001\021\036\323\000\040\000t\000r\000\354\000n\000h\000\040\000t\036\361\000\040\000c\000h\036\351\000c\000\040\000n\001\003\000n\000g\000\040\000B\000\363\000i\000\040\000b\000\340\000i\000\040\000T\000a\000r\000o\000t}{subsection.3.3}% 29
\BOOKMARK [2][-]{subsection.3.4}{\376\377\000C\001\241\000\040\000s\036\337\000\040\000d\036\357\000\040\000l\000i\036\307\000u}{section.3}% 30
\BOOKMARK [2][-]{subsection.3.5}{\376\377\001\020\036\267\000c\000\040\000t\036\243\000\040\000A\000P\000I}{section.3}% 31
\BOOKMARK [3][-]{subsubsection.3.5.1}{\376\377\000N\000h\000\363\000m\000\040\000Q\000u\036\243\000n\000\040\000l\000\375\000\040\000T\000\340\000i\000\040\000k\000h\000o\036\243\000n\000\040\000\050\000A\000u\000t\000h\000\051}{subsection.3.5}% 32
\BOOKMARK [3][-]{subsubsection.3.5.2}{\376\377\000N\000h\000\363\000m\000\040\000T\001\260\001\241\000n\000g\000\040\000t\000\341\000c\000\040\000A\000I\000\040\000\050\000A\000I\000\040\000C\000o\000r\000e\000\051}{subsection.3.5}% 33
\BOOKMARK [3][-]{subsubsection.3.5.3}{\376\377\000N\000h\000\363\000m\000\040\000M\036\241\000n\000g\000\040\000x\000\343\000\040\000h\036\331\000i\000\040\000\050\000S\000o\000c\000i\000a\000l\000\051}{subsection.3.5}% 34
\BOOKMARK [3][-]{subsubsection.3.5.4}{\376\377\000N\000h\000\363\000m\000\040\000H\036\307\000\040\000t\000h\036\321\000n\000g\000\040\000R\000I\000Z\000Z\000\040\000\050\000G\000a\000m\000i\000f\000i\000c\000a\000t\000i\000o\000n\000\051}{subsection.3.5}% 35
